This is pdfTeX, Version 3.141592653-2.6-1.40.22 (TeX Live 2022/dev/Debian) (preloaded format=pdflatex 2025.4.18)  28 APR 2025 14:32
entering extended mode
 restricted \write18 enabled.
 file:line:error style messages enabled.
 %&-line parsing enabled.
**/home/bibek/Academics/Computer_Vision/Project_2/stereo-imaging-harris/Report/Computer_Vision_Report.tex
(/home/bibek/Academics/Computer_Vision/Project_2/stereo-imaging-harris/Report/Computer_Vision_Report.tex
LaTeX2e <2021-11-15> patch level 1
L3 programming layer <2022-01-21> (/usr/share/texlive/texmf-dist/tex/latex/base/article.cls
Document Class: article 2021/10/04 v1.4n Standard LaTeX document class
(/usr/share/texlive/texmf-dist/tex/latex/base/size12.clo
File: size12.clo 2021/10/04 v1.4n Standard LaTeX file (size option)
)
\c@part=\count185
\c@section=\count186
\c@subsection=\count187
\c@subsubsection=\count188
\c@paragraph=\count189
\c@subparagraph=\count190
\c@figure=\count191
\c@table=\count192
\abovecaptionskip=\skip47
\belowcaptionskip=\skip48
\bibindent=\dimen138
) (/usr/share/texlive/texmf-dist/tex/latex/graphics/graphicx.sty
Package: graphicx 2021/09/16 v1.2d Enhanced LaTeX Graphics (DPC,SPQR)
 (/usr/share/texlive/texmf-dist/tex/latex/graphics/keyval.sty
Package: keyval 2014/10/28 v1.15 key=value parser (DPC)
\KV@toks@=\toks16
) (/usr/share/texlive/texmf-dist/tex/latex/graphics/graphics.sty
Package: graphics 2021/03/04 v1.4d Standard LaTeX Graphics (DPC,SPQR)
 (/usr/share/texlive/texmf-dist/tex/latex/graphics/trig.sty
Package: trig 2021/08/11 v1.11 sin cos tan (DPC)
) (/usr/share/texlive/texmf-dist/tex/latex/graphics-cfg/graphics.cfg
File: graphics.cfg 2016/06/04 v1.11 sample graphics configuration
)
Package graphics Info: Driver file: pdftex.def on input line 107.
 (/usr/share/texlive/texmf-dist/tex/latex/graphics-def/pdftex.def
File: pdftex.def 2020/10/05 v1.2a Graphics/color driver for pdftex
))
\Gin@req@height=\dimen139
\Gin@req@width=\dimen140
) (/usr/share/texlive/texmf-dist/tex/latex/listings/listings.sty
\lst@mode=\count193
\lst@gtempboxa=\box50
\lst@token=\toks17
\lst@length=\count194
\lst@currlwidth=\dimen141
\lst@column=\count195
\lst@pos=\count196
\lst@lostspace=\dimen142
\lst@width=\dimen143
\lst@newlines=\count197
\lst@lineno=\count198
\lst@maxwidth=\dimen144
 (/usr/share/texlive/texmf-dist/tex/latex/listings/lstmisc.sty
File: lstmisc.sty 2020/03/24 1.8d (Carsten Heinz)
\c@lstnumber=\count199
\lst@skipnumbers=\count266
\lst@framebox=\box51
) (/usr/share/texlive/texmf-dist/tex/latex/listings/listings.cfg
File: listings.cfg 2020/03/24 1.8d listings configuration
))
Package: listings 2020/03/24 1.8d (Carsten Heinz)
 (/usr/share/texlive/texmf-dist/tex/latex/amsmath/amsmath.sty
Package: amsmath 2021/10/15 v2.17l AMS math features
\@mathmargin=\skip49

For additional information on amsmath, use the `?' option.
(/usr/share/texlive/texmf-dist/tex/latex/amsmath/amstext.sty
Package: amstext 2021/08/26 v2.01 AMS text
 (/usr/share/texlive/texmf-dist/tex/latex/amsmath/amsgen.sty
File: amsgen.sty 1999/11/30 v2.0 generic functions
\@emptytoks=\toks18
\ex@=\dimen145
)) (/usr/share/texlive/texmf-dist/tex/latex/amsmath/amsbsy.sty
Package: amsbsy 1999/11/29 v1.2d Bold Symbols
\pmbraise@=\dimen146
) (/usr/share/texlive/texmf-dist/tex/latex/amsmath/amsopn.sty
Package: amsopn 2021/08/26 v2.02 operator names
)
\inf@bad=\count267
LaTeX Info: Redefining \frac on input line 234.
\uproot@=\count268
\leftroot@=\count269
LaTeX Info: Redefining \overline on input line 399.
\classnum@=\count270
\DOTSCASE@=\count271
LaTeX Info: Redefining \ldots on input line 496.
LaTeX Info: Redefining \dots on input line 499.
LaTeX Info: Redefining \cdots on input line 620.
\Mathstrutbox@=\box52
\strutbox@=\box53
\big@size=\dimen147
LaTeX Font Info:    Redeclaring font encoding OML on input line 743.
LaTeX Font Info:    Redeclaring font encoding OMS on input line 744.
\macc@depth=\count272
\c@MaxMatrixCols=\count273
\dotsspace@=\muskip16
\c@parentequation=\count274
\dspbrk@lvl=\count275
\tag@help=\toks19
\row@=\count276
\column@=\count277
\maxfields@=\count278
\andhelp@=\toks20
\eqnshift@=\dimen148
\alignsep@=\dimen149
\tagshift@=\dimen150
\tagwidth@=\dimen151
\totwidth@=\dimen152
\lineht@=\dimen153
\@envbody=\toks21
\multlinegap=\skip50
\multlinetaggap=\skip51
\mathdisplay@stack=\toks22
LaTeX Info: Redefining \[ on input line 2938.
LaTeX Info: Redefining \] on input line 2939.
) (/usr/share/texlive/texmf-dist/tex/latex/hyperref/hyperref.sty
Package: hyperref 2021-06-07 v7.00m Hypertext links for LaTeX
 (/usr/share/texlive/texmf-dist/tex/generic/ltxcmds/ltxcmds.sty
Package: ltxcmds 2020-05-10 v1.25 LaTeX kernel commands for general use (HO)
) (/usr/share/texlive/texmf-dist/tex/generic/iftex/iftex.sty
Package: iftex 2020/03/06 v1.0d TeX engine tests
) (/usr/share/texlive/texmf-dist/tex/generic/pdftexcmds/pdftexcmds.sty
Package: pdftexcmds 2020-06-27 v0.33 Utility functions of pdfTeX for LuaTeX (HO)
 (/usr/share/texlive/texmf-dist/tex/generic/infwarerr/infwarerr.sty
Package: infwarerr 2019/12/03 v1.5 Providing info/warning/error messages (HO)
)
Package pdftexcmds Info: \pdf@primitive is available.
Package pdftexcmds Info: \pdf@ifprimitive is available.
Package pdftexcmds Info: \pdfdraftmode found.
) (/usr/share/texlive/texmf-dist/tex/generic/kvsetkeys/kvsetkeys.sty
Package: kvsetkeys 2019/12/15 v1.18 Key value parser (HO)
) (/usr/share/texlive/texmf-dist/tex/generic/kvdefinekeys/kvdefinekeys.sty
Package: kvdefinekeys 2019-12-19 v1.6 Define keys (HO)
) (/usr/share/texlive/texmf-dist/tex/generic/pdfescape/pdfescape.sty
Package: pdfescape 2019/12/09 v1.15 Implements pdfTeX's escape features (HO)
) (/usr/share/texlive/texmf-dist/tex/latex/hycolor/hycolor.sty
Package: hycolor 2020-01-27 v1.10 Color options for hyperref/bookmark (HO)
) (/usr/share/texlive/texmf-dist/tex/latex/letltxmacro/letltxmacro.sty
Package: letltxmacro 2019/12/03 v1.6 Let assignment for LaTeX macros (HO)
) (/usr/share/texlive/texmf-dist/tex/latex/auxhook/auxhook.sty
Package: auxhook 2019-12-17 v1.6 Hooks for auxiliary files (HO)
) (/usr/share/texlive/texmf-dist/tex/latex/kvoptions/kvoptions.sty
Package: kvoptions 2020-10-07 v3.14 Key value format for package options (HO)
)
\@linkdim=\dimen154
\Hy@linkcounter=\count279
\Hy@pagecounter=\count280
 (/usr/share/texlive/texmf-dist/tex/latex/hyperref/pd1enc.def
File: pd1enc.def 2021-06-07 v7.00m Hyperref: PDFDocEncoding definition (HO)
Now handling font encoding PD1 ...
... no UTF-8 mapping file for font encoding PD1
) (/usr/share/texlive/texmf-dist/tex/latex/hyperref/hyperref-langpatches.def
File: hyperref-langpatches.def 2021-06-07 v7.00m Hyperref: patches for babel languages
) (/usr/share/texlive/texmf-dist/tex/generic/intcalc/intcalc.sty
Package: intcalc 2019/12/15 v1.3 Expandable calculations with integers (HO)
) (/usr/share/texlive/texmf-dist/tex/generic/etexcmds/etexcmds.sty
Package: etexcmds 2019/12/15 v1.7 Avoid name clashes with e-TeX commands (HO)
)
\Hy@SavedSpaceFactor=\count281
 (/usr/share/texlive/texmf-dist/tex/latex/hyperref/puenc.def
File: puenc.def 2021-06-07 v7.00m Hyperref: PDF Unicode definition (HO)
Now handling font encoding PU ...
... no UTF-8 mapping file for font encoding PU
)
Package hyperref Info: Hyper figures OFF on input line 4192.
Package hyperref Info: Link nesting OFF on input line 4197.
Package hyperref Info: Hyper index ON on input line 4200.
Package hyperref Info: Plain pages OFF on input line 4207.
Package hyperref Info: Backreferencing OFF on input line 4212.
Package hyperref Info: Implicit mode ON; LaTeX internals redefined.
Package hyperref Info: Bookmarks ON on input line 4445.
\c@Hy@tempcnt=\count282
 (/usr/share/texlive/texmf-dist/tex/latex/url/url.sty
\Urlmuskip=\muskip17
Package: url 2013/09/16  ver 3.4  Verb mode for urls, etc.
)
LaTeX Info: Redefining \url on input line 4804.
\XeTeXLinkMargin=\dimen155
 (/usr/share/texlive/texmf-dist/tex/generic/bitset/bitset.sty
Package: bitset 2019/12/09 v1.3 Handle bit-vector datatype (HO)
 (/usr/share/texlive/texmf-dist/tex/generic/bigintcalc/bigintcalc.sty
Package: bigintcalc 2019/12/15 v1.5 Expandable calculations on big integers (HO)
))
\Fld@menulength=\count283
\Field@Width=\dimen156
\Fld@charsize=\dimen157
Package hyperref Info: Hyper figures OFF on input line 6076.
Package hyperref Info: Link nesting OFF on input line 6081.
Package hyperref Info: Hyper index ON on input line 6084.
Package hyperref Info: backreferencing OFF on input line 6091.
Package hyperref Info: Link coloring OFF on input line 6096.
Package hyperref Info: Link coloring with OCG OFF on input line 6101.
Package hyperref Info: PDF/A mode OFF on input line 6106.
LaTeX Info: Redefining \ref on input line 6146.
LaTeX Info: Redefining \pageref on input line 6150.
 (/usr/share/texlive/texmf-dist/tex/latex/base/atbegshi-ltx.sty
Package: atbegshi-ltx 2021/01/10 v1.0c Emulation of the original atbegshi
package with kernel methods
)
\Hy@abspage=\count284
\c@Item=\count285
\c@Hfootnote=\count286
)
Package hyperref Info: Driver (autodetected): hpdftex.
 (/usr/share/texlive/texmf-dist/tex/latex/hyperref/hpdftex.def
File: hpdftex.def 2021-06-07 v7.00m Hyperref driver for pdfTeX
 (/usr/share/texlive/texmf-dist/tex/latex/base/atveryend-ltx.sty
Package: atveryend-ltx 2020/08/19 v1.0a Emulation of the original atveryend package
with kernel methods
)
\Fld@listcount=\count287
\c@bookmark@seq@number=\count288
 (/usr/share/texlive/texmf-dist/tex/latex/rerunfilecheck/rerunfilecheck.sty
Package: rerunfilecheck 2019/12/05 v1.9 Rerun checks for auxiliary files (HO)
 (/usr/share/texlive/texmf-dist/tex/generic/uniquecounter/uniquecounter.sty
Package: uniquecounter 2019/12/15 v1.4 Provide unlimited unique counter (HO)
)
Package uniquecounter Info: New unique counter `rerunfilecheck' on input line 286.
)
\Hy@SectionHShift=\skip52
) (/usr/share/texlive/texmf-dist/tex/latex/pdfpages/pdfpages.sty
Package: pdfpages 2022/01/29 v0.5u Insert pages of external PDF documents (AM)
 (/usr/share/texlive/texmf-dist/tex/latex/base/ifthen.sty
Package: ifthen 2020/11/24 v1.1c Standard LaTeX ifthen package (DPC)
) (/usr/share/texlive/texmf-dist/tex/latex/tools/calc.sty
Package: calc 2017/05/25 v4.3 Infix arithmetic (KKT,FJ)
\calc@Acount=\count289
\calc@Bcount=\count290
\calc@Adimen=\dimen158
\calc@Bdimen=\dimen159
\calc@Askip=\skip53
\calc@Bskip=\skip54
LaTeX Info: Redefining \setlength on input line 80.
LaTeX Info: Redefining \addtolength on input line 81.
\calc@Ccount=\count291
\calc@Cskip=\skip55
) (/usr/share/texlive/texmf-dist/tex/latex/eso-pic/eso-pic.sty
Package: eso-pic 2020/10/14 v3.0a eso-pic (RN)
\ESO@tempdima=\dimen160
\ESO@tempdimb=\dimen161
 (/usr/share/texlive/texmf-dist/tex/latex/xcolor/xcolor.sty
Package: xcolor 2021/10/31 v2.13 LaTeX color extensions (UK)
 (/usr/share/texlive/texmf-dist/tex/latex/graphics-cfg/color.cfg
File: color.cfg 2016/01/02 v1.6 sample color configuration
)
Package xcolor Info: Driver file: pdftex.def on input line 227.
Package xcolor Info: Model `cmy' substituted by `cmy0' on input line 1352.
Package xcolor Info: Model `hsb' substituted by `rgb' on input line 1356.
Package xcolor Info: Model `RGB' extended on input line 1368.
Package xcolor Info: Model `HTML' substituted by `rgb' on input line 1370.
Package xcolor Info: Model `Hsb' substituted by `hsb' on input line 1371.
Package xcolor Info: Model `tHsb' substituted by `hsb' on input line 1372.
Package xcolor Info: Model `HSB' substituted by `hsb' on input line 1373.
Package xcolor Info: Model `Gray' substituted by `gray' on input line 1374.
Package xcolor Info: Model `wave' substituted by `hsb' on input line 1375.
))
\AM@pagewidth=\dimen162
\AM@pageheight=\dimen163
\AM@fboxrule=\dimen164
 (/usr/share/texlive/texmf-dist/tex/latex/pdfpages/pppdftex.def
File: pppdftex.def 2022/01/29 v0.5u Pdfpages driver for pdfTeX (AM)
)
\pdfpages@includegraphics@status=\count292
\AM@pagebox=\box54
\AM@global@opts=\toks23
\AM@pagecnt=\count293
\AM@toc@title=\toks24
\c@AM@survey=\count294
\AM@templatesizebox=\box55
) (/usr/share/texlive/texmf-dist/tex/latex/float/float.sty
Package: float 2001/11/08 v1.3d Float enhancements (AL)
\c@float@type=\count295
\float@exts=\toks25
\float@box=\box56
\@float@everytoks=\toks26
\@floatcapt=\box57
) (/usr/share/texlive/texmf-dist/tex/latex/l3backend/l3backend-pdftex.def
File: l3backend-pdftex.def 2022-01-12 L3 backend support: PDF output (pdfTeX)
\l__color_backend_stack_int=\count296
\l__pdf_internal_box=\box58
) (./Computer_Vision_Report.aux)
\openout1 = `Computer_Vision_Report.aux'.

LaTeX Font Info:    Checking defaults for OML/cmm/m/it on input line 19.
LaTeX Font Info:    ... okay on input line 19.
LaTeX Font Info:    Checking defaults for OMS/cmsy/m/n on input line 19.
LaTeX Font Info:    ... okay on input line 19.
LaTeX Font Info:    Checking defaults for OT1/cmr/m/n on input line 19.
LaTeX Font Info:    ... okay on input line 19.
LaTeX Font Info:    Checking defaults for T1/cmr/m/n on input line 19.
LaTeX Font Info:    ... okay on input line 19.
LaTeX Font Info:    Checking defaults for TS1/cmr/m/n on input line 19.
LaTeX Font Info:    ... okay on input line 19.
LaTeX Font Info:    Checking defaults for OMX/cmex/m/n on input line 19.
LaTeX Font Info:    ... okay on input line 19.
LaTeX Font Info:    Checking defaults for U/cmr/m/n on input line 19.
LaTeX Font Info:    ... okay on input line 19.
LaTeX Font Info:    Checking defaults for PD1/pdf/m/n on input line 19.
LaTeX Font Info:    ... okay on input line 19.
LaTeX Font Info:    Checking defaults for PU/pdf/m/n on input line 19.
LaTeX Font Info:    ... okay on input line 19.
 (/usr/share/texlive/texmf-dist/tex/context/base/mkii/supp-pdf.mkii
[Loading MPS to PDF converter (version 2006.09.02).]
\scratchcounter=\count297
\scratchdimen=\dimen165
\scratchbox=\box59
\nofMPsegments=\count298
\nofMParguments=\count299
\everyMPshowfont=\toks27
\MPscratchCnt=\count300
\MPscratchDim=\dimen166
\MPnumerator=\count301
\makeMPintoPDFobject=\count302
\everyMPtoPDFconversion=\toks28
) (/usr/share/texlive/texmf-dist/tex/latex/epstopdf-pkg/epstopdf-base.sty
Package: epstopdf-base 2020-01-24 v2.11 Base part for package epstopdf
Package epstopdf-base Info: Redefining graphics rule for `.eps' on input line 485.
 (/usr/share/texlive/texmf-dist/tex/latex/latexconfig/epstopdf-sys.cfg
File: epstopdf-sys.cfg 2010/07/13 v1.3 Configuration of (r)epstopdf for TeX Live
))
\c@lstlisting=\count303
Package hyperref Info: Link coloring OFF on input line 19.
 (/usr/share/texlive/texmf-dist/tex/latex/hyperref/nameref.sty
Package: nameref 2021-04-02 v2.47 Cross-referencing by name of section
 (/usr/share/texlive/texmf-dist/tex/latex/refcount/refcount.sty
Package: refcount 2019/12/15 v3.6 Data extraction from label references (HO)
) (/usr/share/texlive/texmf-dist/tex/generic/gettitlestring/gettitlestring.sty
Package: gettitlestring 2019/12/15 v1.6 Cleanup title references (HO)
)
\c@section@level=\count304
)
LaTeX Info: Redefining \ref on input line 19.
LaTeX Info: Redefining \pageref on input line 19.
LaTeX Info: Redefining \nameref on input line 19.
\@outlinefile=\write3
\openout3 = `Computer_Vision_Report.out'.

 (/usr/share/texlive/texmf-dist/tex/latex/pdflscape/pdflscape.sty
Package: pdflscape 2019/12/05 v0.12 Display of landscape pages in PDF (HO)
 (/usr/share/texlive/texmf-dist/tex/latex/graphics/lscape.sty
Package: lscape 2020/05/28 v3.02 Landscape Pages (DPC)
)
Package pdflscape Info: Auto-detected driver: pdftex on input line 81.
) [1

{/var/lib/texmf/fonts/map/pdftex/updmap/pdftex.map}]

LaTeX Warning: File `stereo-imaging-harris/examples/ball/ball_corners.png' not found on input line 58.


/home/bibek/Academics/Computer_Vision/Project_2/stereo-imaging-harris/Report/Computer_Vision_Report.tex:58: Package pdftex.def Error: File `stereo-imaging-harris/examples/ball/ball_corners.png' not found: using draft setting.

See the pdftex.def package documentation for explanation.
Type  H <return>  for immediate help.
 ...                                              
                                                  
l.58 ...ing-harris/examples/ball/ball_corners.png}
                                                  
Try typing  <return>  to proceed.
If that doesn't work, type  X <return>  to quit.


LaTeX Warning: File `stereo-imaging-harris/examples/ball/ball_sparse_depth_map.png' not found on input line 63.


/home/bibek/Academics/Computer_Vision/Project_2/stereo-imaging-harris/Report/Computer_Vision_Report.tex:63: Package pdftex.def Error: File `stereo-imaging-harris/examples/ball/ball_sparse_depth_map.png' not found: using draft setting.

See the pdftex.def package documentation for explanation.
Type  H <return>  for immediate help.
 ...                                              
                                                  
l.63 ...s/examples/ball/ball_sparse_depth_map.png}
                                                  
Try typing  <return>  to proceed.
If that doesn't work, type  X <return>  to quit.


LaTeX Warning: File `stereo-imaging-harris/examples/ball/matching_ball.png' not found on input line 68.


/home/bibek/Academics/Computer_Vision/Project_2/stereo-imaging-harris/Report/Computer_Vision_Report.tex:68: Package pdftex.def Error: File `stereo-imaging-harris/examples/ball/matching_ball.png' not found: using draft setting.

See the pdftex.def package documentation for explanation.
Type  H <return>  for immediate help.
 ...                                              
                                                  
l.68 ...ng-harris/examples/ball/matching_ball.png}
                                                  
Try typing  <return>  to proceed.
If that doesn't work, type  X <return>  to quit.

[2pdfTeX warning (ext4): destination with the same identifier (name{figure.1}) has been already used, duplicate ignored
<argument> ...shipout:D \box_use:N \l_shipout_box 
                                                  \__shipout_drop_firstpage_...
l.70 \end{figure}
                 ] [3pdfTeX warning (ext4): destination with the same identifier (name{figure.2}) has been already used, duplicate ignored
<argument> ...shipout:D \box_use:N \l_shipout_box 
                                                  \__shipout_drop_firstpage_...
l.71 
     ]

LaTeX Warning: File `stereo-imaging-harris/examples/moebius/moebius_corners.png' not found on input line 88.


/home/bibek/Academics/Computer_Vision/Project_2/stereo-imaging-harris/Report/Computer_Vision_Report.tex:88: Package pdftex.def Error: File `stereo-imaging-harris/examples/moebius/moebius_corners.png' not found: using draft setting.

See the pdftex.def package documentation for explanation.
Type  H <return>  for immediate help.
 ...                                              
                                                  
l.88 ...rris/examples/moebius/moebius_corners.png}
                                                  
Try typing  <return>  to proceed.
If that doesn't work, type  X <return>  to quit.


LaTeX Warning: File `stereo-imaging-harris/examples/moebius/moebius_sparse_depth_map.png' not found on input line 93.


/home/bibek/Academics/Computer_Vision/Project_2/stereo-imaging-harris/Report/Computer_Vision_Report.tex:93: Package pdftex.def Error: File `stereo-imaging-harris/examples/moebius/moebius_sparse_depth_map.png' not found: using draft setting.

See the pdftex.def package documentation for explanation.
Type  H <return>  for immediate help.
 ...                                              
                                                  
l.93 ...ples/moebius/moebius_sparse_depth_map.png}
                                                  
Try typing  <return>  to proceed.
If that doesn't work, type  X <return>  to quit.

[4pdfTeX warning (ext4): destination with the same identifier (name{figure.3}) has been already used, duplicate ignored
<argument> ...shipout:D \box_use:N \l_shipout_box 
                                                  \__shipout_drop_firstpage_...
l.95 \end{figure}
                 ]

LaTeX Warning: File `stereo-imaging-harris/examples/moebius/moebous_matching.png' not found on input line 98.


/home/bibek/Academics/Computer_Vision/Project_2/stereo-imaging-harris/Report/Computer_Vision_Report.tex:98: Package pdftex.def Error: File `stereo-imaging-harris/examples/moebius/moebous_matching.png' not found: using draft setting.

See the pdftex.def package documentation for explanation.
Type  H <return>  for immediate help.
 ...                                              
                                                  
l.98 ...ris/examples/moebius/moebous_matching.png}
                                                  
Try typing  <return>  to proceed.
If that doesn't work, type  X <return>  to quit.

[5pdfTeX warning (ext4): destination with the same identifier (name{figure.4}) has been already used, duplicate ignored
<argument> ...shipout:D \box_use:N \l_shipout_box 
                                                  \__shipout_drop_firstpage_...
l.100 \end{figure}
                  ] [6pdfTeX warning (ext4): destination with the same identifier (name{figure.5}) has been already used, duplicate ignored
<argument> ...shipout:D \box_use:N \l_shipout_box 
                                                  \__shipout_drop_firstpage_...
l.101 
      ]

LaTeX Warning: File `stereo-imaging-harris/examples/outdoor/outdoor_corners.png' not found on input line 118.


/home/bibek/Academics/Computer_Vision/Project_2/stereo-imaging-harris/Report/Computer_Vision_Report.tex:118: Package pdftex.def Error: File `stereo-imaging-harris/examples/outdoor/outdoor_corners.png' not found: using draft setting.

See the pdftex.def package documentation for explanation.
Type  H <return>  for immediate help.
 ...                                              
                                                  
l.118 ...ris/examples/outdoor/outdoor_corners.png}
                                                  
Try typing  <return>  to proceed.
If that doesn't work, type  X <return>  to quit.


LaTeX Warning: File `stereo-imaging-harris/examples/outdoor/outdoor_sparse_depth_map.png' not found on input line 123.


/home/bibek/Academics/Computer_Vision/Project_2/stereo-imaging-harris/Report/Computer_Vision_Report.tex:123: Package pdftex.def Error: File `stereo-imaging-harris/examples/outdoor/outdoor_sparse_depth_map.png' not found: using draft setting.

See the pdftex.def package documentation for explanation.
Type  H <return>  for immediate help.
 ...                                              
                                                  
l.123 ...les/outdoor/outdoor_sparse_depth_map.png}
                                                  
Try typing  <return>  to proceed.
If that doesn't work, type  X <return>  to quit.

[7pdfTeX warning (ext4): destination with the same identifier (name{figure.6}) has been already used, duplicate ignored
<argument> ...shipout:D \box_use:N \l_shipout_box 
                                                  \__shipout_drop_firstpage_...
l.125 \end{figure}
                  ]

LaTeX Warning: File `stereo-imaging-harris/examples/outdoor/outdoor_matching.png' not found on input line 128.


/home/bibek/Academics/Computer_Vision/Project_2/stereo-imaging-harris/Report/Computer_Vision_Report.tex:128: Package pdftex.def Error: File `stereo-imaging-harris/examples/outdoor/outdoor_matching.png' not found: using draft setting.

See the pdftex.def package documentation for explanation.
Type  H <return>  for immediate help.
 ...                                              
                                                  
l.128 ...is/examples/outdoor/outdoor_matching.png}
                                                  
Try typing  <return>  to proceed.
If that doesn't work, type  X <return>  to quit.

[8pdfTeX warning (ext4): destination with the same identifier (name{figure.7}) has been already used, duplicate ignored
<argument> ...shipout:D \box_use:N \l_shipout_box 
                                                  \__shipout_drop_firstpage_...
l.130 \end{figure}
                  ] [9pdfTeX warning (ext4): destination with the same identifier (name{figure.8}) has been already used, duplicate ignored
<argument> ...shipout:D \box_use:N \l_shipout_box 
                                                  \__shipout_drop_firstpage_...
l.131 
      ]

/home/bibek/Academics/Computer_Vision/Project_2/stereo-imaging-harris/Report/Computer_Vision_Report.tex:133: Package pdfpages Error: Cannot find file `./Source_code.pdf'.

See the pdfpages package documentation for explanation.
Type  H <return>  for immediate help.
 ...                                              
                                                  
l.133 \includepdf[pages=-]{./Source_code.pdf}
                                             
This error message was generated by an \errmessage
command, so I can't give any explicit help.
Pretend that you're Hercule Poirot: Examine all clues,
and deduce the truth by order and method.


/home/bibek/Academics/Computer_Vision/Project_2/stereo-imaging-harris/Report/Computer_Vision_Report.tex:133: Package pdfpages Error: Cannot find file `-'.

See the pdfpages package documentation for explanation.
Type  H <return>  for immediate help.
 ...                                              
                                                  
l.133 \includepdf[pages=-]{./Source_code.pdf}
                                             
(That was another \errmessage.)

/home/bibek/Academics/Computer_Vision/Project_2/stereo-imaging-harris/Report/Computer_Vision_Report.tex:133: Undefined control sequence.
\AM@expand@range ...M@i \relax \@tempcntb =\AM@ii 
                                                  \relax \ifnum \@tempcnta <...
l.133 \includepdf[pages=-]{./Source_code.pdf}
                                             
The control sequence at the end of the top line
of your error message was never \def'ed. If you have
misspelled it (e.g., `\hobx'), type `I' and the correct
spelling (e.g., `I\hbox'). Otherwise just continue,
and I'll forget about whatever was undefined.

/home/bibek/Academics/Computer_Vision/Project_2/stereo-imaging-harris/Report/Computer_Vision_Report.tex:133: Missing number, treated as zero.
<to be read again> 
                   \relax 
l.133 \includepdf[pages=-]{./Source_code.pdf}
                                             
A number should have been here; I inserted `0'.
(If you can't figure out why I needed to see a number,
look up `weird error' in the index to The TeXbook.)

/home/bibek/Academics/Computer_Vision/Project_2/stereo-imaging-harris/Report/Computer_Vision_Report.tex:133: Undefined control sequence.
\AM@checkpagenumber #1->\ifnum #1>\AM@pagecount 
                                                \relax \ifthenelse {\boolean...
l.133 \includepdf[pages=-]{./Source_code.pdf}
                                             
The control sequence at the end of the top line
of your error message was never \def'ed. If you have
misspelled it (e.g., `\hobx'), type `I' and the correct
spelling (e.g., `I\hbox'). Otherwise just continue,
and I'll forget about whatever was undefined.

/home/bibek/Academics/Computer_Vision/Project_2/stereo-imaging-harris/Report/Computer_Vision_Report.tex:133: Missing number, treated as zero.
<to be read again> 
                   \relax 
l.133 \includepdf[pages=-]{./Source_code.pdf}
                                             
A number should have been here; I inserted `0'.
(If you can't figure out why I needed to see a number,
look up `weird error' in the index to The TeXbook.)


/home/bibek/Academics/Computer_Vision/Project_2/stereo-imaging-harris/Report/Computer_Vision_Report.tex:133: Package pdfpages Error: Page 1 of `\AM@currentdocname ' does not exist.

See the pdfpages package documentation for explanation.
Type  H <return>  for immediate help.
 ...                                              
                                                  
l.133 \includepdf[pages=-]{./Source_code.pdf}
                                             
You have set a wrong page number in the `pages' option. Document 
`\AM@currentdocname ' does not have 1 pages.

/home/bibek/Academics/Computer_Vision/Project_2/stereo-imaging-harris/Report/Computer_Vision_Report.tex:133: Undefined control sequence.
\AM@checkpagenumber #1->\ifnum #1>\AM@pagecount 
                                                \relax \ifthenelse {\boolean...
l.133 \includepdf[pages=-]{./Source_code.pdf}
                                             
The control sequence at the end of the top line
of your error message was never \def'ed. If you have
misspelled it (e.g., `\hobx'), type `I' and the correct
spelling (e.g., `I\hbox'). Otherwise just continue,
and I'll forget about whatever was undefined.

/home/bibek/Academics/Computer_Vision/Project_2/stereo-imaging-harris/Report/Computer_Vision_Report.tex:133: Missing number, treated as zero.
<to be read again> 
                   \relax 
l.133 \includepdf[pages=-]{./Source_code.pdf}
                                             
A number should have been here; I inserted `0'.
(If you can't figure out why I needed to see a number,
look up `weird error' in the index to The TeXbook.)

/home/bibek/Academics/Computer_Vision/Project_2/stereo-imaging-harris/Report/Computer_Vision_Report.tex:133: Missing endcsname inserted.
<to be read again> 
                   AM@currentdocname 
l.133 \includepdf[pages=-]{./Source_code.pdf}
                                             
The control sequence marked <to be read again> should
not appear between \csname and \endcsname.

/home/bibek/Academics/Computer_Vision/Project_2/stereo-imaging-harris/Report/Computer_Vision_Report.tex:133: Use of ??? doesn't match its definition.
<argument> ???  
                ! LaTeX3 Error: AM@currentdocname invalid in file name. Lost: .
l.133 \includepdf[pages=-]{./Source_code.pdf}
                                             
If you say, e.g., `\def\a1{...}', then you must always
put `1' after `\a', since control sequence names are
made up of letters only. The macro here has not been
followed by the required stuff, so I'm ignoring it.

/home/bibek/Academics/Computer_Vision/Project_2/stereo-imaging-harris/Report/Computer_Vision_Report.tex:133: Missing endcsname inserted.
<to be read again> 
                   AM@currentdocname 
l.133 \includepdf[pages=-]{./Source_code.pdf}
                                             
The control sequence marked <to be read again> should
not appear between \csname and \endcsname.

/home/bibek/Academics/Computer_Vision/Project_2/stereo-imaging-harris/Report/Computer_Vision_Report.tex:133: Use of ??? doesn't match its definition.
<argument> ???  
                ! LaTeX3 Error: AM@currentdocname invalid in file name. Lost: .
l.133 \includepdf[pages=-]{./Source_code.pdf}
                                             
If you say, e.g., `\def\a1{...}', then you must always
put `1' after `\a', since control sequence names are
made up of letters only. The macro here has not been
followed by the required stuff, so I'm ignoring it.

/home/bibek/Academics/Computer_Vision/Project_2/stereo-imaging-harris/Report/Computer_Vision_Report.tex:133: Missing endcsname inserted.
<to be read again> 
                   AM@currentdocname 
l.133 \includepdf[pages=-]{./Source_code.pdf}
                                             
The control sequence marked <to be read again> should
not appear between \csname and \endcsname.

/home/bibek/Academics/Computer_Vision/Project_2/stereo-imaging-harris/Report/Computer_Vision_Report.tex:133: Use of ??? doesn't match its definition.
<argument> ???  
                ! LaTeX3 Error: AM@currentdocname invalid in file name. Lost: .
l.133 \includepdf[pages=-]{./Source_code.pdf}
                                             
If you say, e.g., `\def\a1{...}', then you must always
put `1' after `\a', since control sequence names are
made up of letters only. The macro here has not been
followed by the required stuff, so I'm ignoring it.


/home/bibek/Academics/Computer_Vision/Project_2/stereo-imaging-harris/Report/Computer_Vision_Report.tex:133: LaTeX Error: File `\AM@currentdocname ' not found.

See the LaTeX manual or LaTeX Companion for explanation.
Type  H <return>  for immediate help.
 ...                                              
                                                  
l.133 \includepdf[pages=-]{./Source_code.pdf}
                                             
I could not locate the file with any of these extensions:
.pdf,.png,.jpg,.mps,.jpeg,.jbig2,.jb2,.PDF,.PNG,.JPG,.JPEG,.JBIG2,.JB2,.eps
Try typing  <return>  to proceed.
If that doesn't work, type  X <return>  to quit.

/home/bibek/Academics/Computer_Vision/Project_2/stereo-imaging-harris/Report/Computer_Vision_Report.tex:133: Arithmetic overflow.
<recently read> \calc@Acount 
                             
l.133 \includepdf[pages=-]{./Source_code.pdf}
                                             
I can't carry out that multiplication or division,
since the result is out of range.

/home/bibek/Academics/Computer_Vision/Project_2/stereo-imaging-harris/Report/Computer_Vision_Report.tex:133: Arithmetic overflow.
<recently read> \calc@Acount 
                             
l.133 \includepdf[pages=-]{./Source_code.pdf}
                                             
I can't carry out that multiplication or division,
since the result is out of range.

/home/bibek/Academics/Computer_Vision/Project_2/stereo-imaging-harris/Report/Computer_Vision_Report.tex:133: Missing endcsname inserted.
<to be read again> 
                   AM@currentdocname 
l.133 \includepdf[pages=-]{./Source_code.pdf}
                                             
The control sequence marked <to be read again> should
not appear between \csname and \endcsname.

/home/bibek/Academics/Computer_Vision/Project_2/stereo-imaging-harris/Report/Computer_Vision_Report.tex:133: Use of ??? doesn't match its definition.
<argument> ???  
                ! LaTeX3 Error: AM@currentdocname invalid in file name. Lost: .
l.133 \includepdf[pages=-]{./Source_code.pdf}
                                             
If you say, e.g., `\def\a1{...}', then you must always
put `1' after `\a', since control sequence names are
made up of letters only. The macro here has not been
followed by the required stuff, so I'm ignoring it.

/home/bibek/Academics/Computer_Vision/Project_2/stereo-imaging-harris/Report/Computer_Vision_Report.tex:133: Missing endcsname inserted.
<to be read again> 
                   AM@currentdocname 
l.133 \includepdf[pages=-]{./Source_code.pdf}
                                             
The control sequence marked <to be read again> should
not appear between \csname and \endcsname.

/home/bibek/Academics/Computer_Vision/Project_2/stereo-imaging-harris/Report/Computer_Vision_Report.tex:133: Use of ??? doesn't match its definition.
<argument> ???  
                ! LaTeX3 Error: AM@currentdocname invalid in file name. Lost: .
l.133 \includepdf[pages=-]{./Source_code.pdf}
                                             
If you say, e.g., `\def\a1{...}', then you must always
put `1' after `\a', since control sequence names are
made up of letters only. The macro here has not been
followed by the required stuff, so I'm ignoring it.

/home/bibek/Academics/Computer_Vision/Project_2/stereo-imaging-harris/Report/Computer_Vision_Report.tex:133: Missing endcsname inserted.
<to be read again> 
                   AM@currentdocname 
l.133 \includepdf[pages=-]{./Source_code.pdf}
                                             
The control sequence marked <to be read again> should
not appear between \csname and \endcsname.

/home/bibek/Academics/Computer_Vision/Project_2/stereo-imaging-harris/Report/Computer_Vision_Report.tex:133: Use of ??? doesn't match its definition.
<argument> ???  
                ! LaTeX3 Error: AM@currentdocname invalid in file name. Lost: .
l.133 \includepdf[pages=-]{./Source_code.pdf}
                                             
If you say, e.g., `\def\a1{...}', then you must always
put `1' after `\a', since control sequence names are
made up of letters only. The macro here has not been
followed by the required stuff, so I'm ignoring it.


/home/bibek/Academics/Computer_Vision/Project_2/stereo-imaging-harris/Report/Computer_Vision_Report.tex:133: LaTeX Error: File `\AM@currentdocname ' not found.

See the LaTeX manual or LaTeX Companion for explanation.
Type  H <return>  for immediate help.
 ...                                              
                                                  
l.133 \includepdf[pages=-]{./Source_code.pdf}
                                             
I could not locate the file with any of these extensions:
.pdf,.png,.jpg,.mps,.jpeg,.jbig2,.jb2,.PDF,.PNG,.JPG,.JPEG,.JBIG2,.JB2,.eps
Try typing  <return>  to proceed.
If that doesn't work, type  X <return>  to quit.

[10pdfTeX warning (ext4): destination with the same identifier (name{figure.9}) has been already used, duplicate ignored
<argument> ...shipout:D \box_use:N \l_shipout_box 
                                                  \__shipout_drop_firstpage_...
l.133 \includepdf[pages=-]{./Source_code.pdf}
                                             ]
/home/bibek/Academics/Computer_Vision/Project_2/stereo-imaging-harris/Report/Computer_Vision_Report.tex:133: Missing endcsname inserted.
<to be read again> 
                   AM@currentdocname 
l.133 \includepdf[pages=-]{./Source_code.pdf}
                                             
The control sequence marked <to be read again> should
not appear between \csname and \endcsname.

/home/bibek/Academics/Computer_Vision/Project_2/stereo-imaging-harris/Report/Computer_Vision_Report.tex:133: Use of ??? doesn't match its definition.
<argument> ???  
                ! LaTeX3 Error: AM@currentdocname invalid in file name. Lost: .
l.133 \includepdf[pages=-]{./Source_code.pdf}
                                             
If you say, e.g., `\def\a1{...}', then you must always
put `1' after `\a', since control sequence names are
made up of letters only. The macro here has not been
followed by the required stuff, so I'm ignoring it.

/home/bibek/Academics/Computer_Vision/Project_2/stereo-imaging-harris/Report/Computer_Vision_Report.tex:133: Missing endcsname inserted.
<to be read again> 
                   AM@currentdocname 
l.133 \includepdf[pages=-]{./Source_code.pdf}
                                             
The control sequence marked <to be read again> should
not appear between \csname and \endcsname.

/home/bibek/Academics/Computer_Vision/Project_2/stereo-imaging-harris/Report/Computer_Vision_Report.tex:133: Use of ??? doesn't match its definition.
<argument> ???  
                ! LaTeX3 Error: AM@currentdocname invalid in file name. Lost: .
l.133 \includepdf[pages=-]{./Source_code.pdf}
                                             
If you say, e.g., `\def\a1{...}', then you must always
put `1' after `\a', since control sequence names are
made up of letters only. The macro here has not been
followed by the required stuff, so I'm ignoring it.

/home/bibek/Academics/Computer_Vision/Project_2/stereo-imaging-harris/Report/Computer_Vision_Report.tex:133: Missing endcsname inserted.
<to be read again> 
                   AM@currentdocname 
l.133 \includepdf[pages=-]{./Source_code.pdf}
                                             
The control sequence marked <to be read again> should
not appear between \csname and \endcsname.

/home/bibek/Academics/Computer_Vision/Project_2/stereo-imaging-harris/Report/Computer_Vision_Report.tex:133: Use of ??? doesn't match its definition.
<argument> ???  
                ! LaTeX3 Error: AM@currentdocname invalid in file name. Lost: .
l.133 \includepdf[pages=-]{./Source_code.pdf}
                                             
If you say, e.g., `\def\a1{...}', then you must always
put `1' after `\a', since control sequence names are
made up of letters only. The macro here has not been
followed by the required stuff, so I'm ignoring it.


/home/bibek/Academics/Computer_Vision/Project_2/stereo-imaging-harris/Report/Computer_Vision_Report.tex:133: LaTeX Error: File `\AM@currentdocname ' not found.

See the LaTeX manual or LaTeX Companion for explanation.
Type  H <return>  for immediate help.
 ...                                              
                                                  
l.133 \includepdf[pages=-]{./Source_code.pdf}
                                             
I could not locate the file with any of these extensions:
.pdf,.png,.jpg,.mps,.jpeg,.jbig2,.jb2,.PDF,.PNG,.JPG,.JPEG,.JBIG2,.JB2,.eps
Try typing  <return>  to proceed.
If that doesn't work, type  X <return>  to quit.

/home/bibek/Academics/Computer_Vision/Project_2/stereo-imaging-harris/Report/Computer_Vision_Report.tex:133: Missing endcsname inserted.
<to be read again> 
                   AM@currentdocname 
l.133 \includepdf[pages=-]{./Source_code.pdf}
                                             
The control sequence marked <to be read again> should
not appear between \csname and \endcsname.

/home/bibek/Academics/Computer_Vision/Project_2/stereo-imaging-harris/Report/Computer_Vision_Report.tex:133: Use of ??? doesn't match its definition.
<argument> ???  
                ! LaTeX3 Error: AM@currentdocname invalid in file name. Lost: .
l.133 \includepdf[pages=-]{./Source_code.pdf}
                                             
If you say, e.g., `\def\a1{...}', then you must always
put `1' after `\a', since control sequence names are
made up of letters only. The macro here has not been
followed by the required stuff, so I'm ignoring it.

/home/bibek/Academics/Computer_Vision/Project_2/stereo-imaging-harris/Report/Computer_Vision_Report.tex:133: Missing endcsname inserted.
<to be read again> 
                   AM@currentdocname 
l.133 \includepdf[pages=-]{./Source_code.pdf}
                                             
The control sequence marked <to be read again> should
not appear between \csname and \endcsname.

/home/bibek/Academics/Computer_Vision/Project_2/stereo-imaging-harris/Report/Computer_Vision_Report.tex:133: Use of ??? doesn't match its definition.
<argument> ???  
                ! LaTeX3 Error: AM@currentdocname invalid in file name. Lost: .
l.133 \includepdf[pages=-]{./Source_code.pdf}
                                             
If you say, e.g., `\def\a1{...}', then you must always
put `1' after `\a', since control sequence names are
made up of letters only. The macro here has not been
followed by the required stuff, so I'm ignoring it.

/home/bibek/Academics/Computer_Vision/Project_2/stereo-imaging-harris/Report/Computer_Vision_Report.tex:133: Missing endcsname inserted.
<to be read again> 
                   AM@currentdocname 
l.133 \includepdf[pages=-]{./Source_code.pdf}
                                             
The control sequence marked <to be read again> should
not appear between \csname and \endcsname.

/home/bibek/Academics/Computer_Vision/Project_2/stereo-imaging-harris/Report/Computer_Vision_Report.tex:133: Use of ??? doesn't match its definition.
<argument> ???  
                ! LaTeX3 Error: AM@currentdocname invalid in file name. Lost: .
l.133 \includepdf[pages=-]{./Source_code.pdf}
                                             
If you say, e.g., `\def\a1{...}', then you must always
put `1' after `\a', since control sequence names are
made up of letters only. The macro here has not been
followed by the required stuff, so I'm ignoring it.


/home/bibek/Academics/Computer_Vision/Project_2/stereo-imaging-harris/Report/Computer_Vision_Report.tex:133: LaTeX Error: File `\AM@currentdocname ' not found.

See the LaTeX manual or LaTeX Companion for explanation.
Type  H <return>  for immediate help.
 ...                                              
                                                  
l.133 \includepdf[pages=-]{./Source_code.pdf}
                                             
I could not locate the file with any of these extensions:
.pdf,.png,.jpg,.mps,.jpeg,.jbig2,.jb2,.PDF,.PNG,.JPG,.JPEG,.JBIG2,.JB2,.eps
Try typing  <return>  to proceed.
If that doesn't work, type  X <return>  to quit.

/home/bibek/Academics/Computer_Vision/Project_2/stereo-imaging-harris/Report/Computer_Vision_Report.tex:133: Missing endcsname inserted.
<to be read again> 
                   AM@currentdocname 
l.133 \includepdf[pages=-]{./Source_code.pdf}
                                             
The control sequence marked <to be read again> should
not appear between \csname and \endcsname.

/home/bibek/Academics/Computer_Vision/Project_2/stereo-imaging-harris/Report/Computer_Vision_Report.tex:133: Use of ??? doesn't match its definition.
<argument> ???  
                ! LaTeX3 Error: AM@currentdocname invalid in file name. Lost: .
l.133 \includepdf[pages=-]{./Source_code.pdf}
                                             
If you say, e.g., `\def\a1{...}', then you must always
put `1' after `\a', since control sequence names are
made up of letters only. The macro here has not been
followed by the required stuff, so I'm ignoring it.

/home/bibek/Academics/Computer_Vision/Project_2/stereo-imaging-harris/Report/Computer_Vision_Report.tex:133: Missing endcsname inserted.
<to be read again> 
                   AM@currentdocname 
l.133 \includepdf[pages=-]{./Source_code.pdf}
                                             
The control sequence marked <to be read again> should
not appear between \csname and \endcsname.

/home/bibek/Academics/Computer_Vision/Project_2/stereo-imaging-harris/Report/Computer_Vision_Report.tex:133: Use of ??? doesn't match its definition.
<argument> ???  
                ! LaTeX3 Error: AM@currentdocname invalid in file name. Lost: .
l.133 \includepdf[pages=-]{./Source_code.pdf}
                                             
If you say, e.g., `\def\a1{...}', then you must always
put `1' after `\a', since control sequence names are
made up of letters only. The macro here has not been
followed by the required stuff, so I'm ignoring it.

/home/bibek/Academics/Computer_Vision/Project_2/stereo-imaging-harris/Report/Computer_Vision_Report.tex:133: Missing endcsname inserted.
<to be read again> 
                   AM@currentdocname 
l.133 \includepdf[pages=-]{./Source_code.pdf}
                                             
The control sequence marked <to be read again> should
not appear between \csname and \endcsname.

/home/bibek/Academics/Computer_Vision/Project_2/stereo-imaging-harris/Report/Computer_Vision_Report.tex:133: Use of ??? doesn't match its definition.
<argument> ???  
                ! LaTeX3 Error: AM@currentdocname invalid in file name. Lost: .
l.133 \includepdf[pages=-]{./Source_code.pdf}
                                             
If you say, e.g., `\def\a1{...}', then you must always
put `1' after `\a', since control sequence names are
made up of letters only. The macro here has not been
followed by the required stuff, so I'm ignoring it.


/home/bibek/Academics/Computer_Vision/Project_2/stereo-imaging-harris/Report/Computer_Vision_Report.tex:133: LaTeX Error: File `\AM@currentdocname ' not found.

See the LaTeX manual or LaTeX Companion for explanation.
Type  H <return>  for immediate help.
 ...                                              
                                                  
l.133 \includepdf[pages=-]{./Source_code.pdf}
                                             
I could not locate the file with any of these extensions:
.pdf,.png,.jpg,.mps,.jpeg,.jbig2,.jb2,.PDF,.PNG,.JPG,.JPEG,.JBIG2,.JB2,.eps
Try typing  <return>  to proceed.
If that doesn't work, type  X <return>  to quit.

[11]
/home/bibek/Academics/Computer_Vision/Project_2/stereo-imaging-harris/Report/Computer_Vision_Report.tex:133: Missing endcsname inserted.
<to be read again> 
                   AM@currentdocname 
l.133 \includepdf[pages=-]{./Source_code.pdf}
                                             
The control sequence marked <to be read again> should
not appear between \csname and \endcsname.

/home/bibek/Academics/Computer_Vision/Project_2/stereo-imaging-harris/Report/Computer_Vision_Report.tex:133: Use of ??? doesn't match its definition.
<argument> ???  
                ! LaTeX3 Error: AM@currentdocname invalid in file name. Lost: .
l.133 \includepdf[pages=-]{./Source_code.pdf}
                                             
If you say, e.g., `\def\a1{...}', then you must always
put `1' after `\a', since control sequence names are
made up of letters only. The macro here has not been
followed by the required stuff, so I'm ignoring it.

/home/bibek/Academics/Computer_Vision/Project_2/stereo-imaging-harris/Report/Computer_Vision_Report.tex:133: Missing endcsname inserted.
<to be read again> 
                   AM@currentdocname 
l.133 \includepdf[pages=-]{./Source_code.pdf}
                                             
The control sequence marked <to be read again> should
not appear between \csname and \endcsname.

/home/bibek/Academics/Computer_Vision/Project_2/stereo-imaging-harris/Report/Computer_Vision_Report.tex:133: Use of ??? doesn't match its definition.
<argument> ???  
                ! LaTeX3 Error: AM@currentdocname invalid in file name. Lost: .
l.133 \includepdf[pages=-]{./Source_code.pdf}
                                             
If you say, e.g., `\def\a1{...}', then you must always
put `1' after `\a', since control sequence names are
made up of letters only. The macro here has not been
followed by the required stuff, so I'm ignoring it.

/home/bibek/Academics/Computer_Vision/Project_2/stereo-imaging-harris/Report/Computer_Vision_Report.tex:133: Missing endcsname inserted.
<to be read again> 
                   AM@currentdocname 
l.133 \includepdf[pages=-]{./Source_code.pdf}
                                             
The control sequence marked <to be read again> should
not appear between \csname and \endcsname.

/home/bibek/Academics/Computer_Vision/Project_2/stereo-imaging-harris/Report/Computer_Vision_Report.tex:133: Use of ??? doesn't match its definition.
<argument> ???  
                ! LaTeX3 Error: AM@currentdocname invalid in file name. Lost: .
l.133 \includepdf[pages=-]{./Source_code.pdf}
                                             
If you say, e.g., `\def\a1{...}', then you must always
put `1' after `\a', since control sequence names are
made up of letters only. The macro here has not been
followed by the required stuff, so I'm ignoring it.


/home/bibek/Academics/Computer_Vision/Project_2/stereo-imaging-harris/Report/Computer_Vision_Report.tex:133: LaTeX Error: File `\AM@currentdocname ' not found.

See the LaTeX manual or LaTeX Companion for explanation.
Type  H <return>  for immediate help.
 ...                                              
                                                  
l.133 \includepdf[pages=-]{./Source_code.pdf}
                                             
I could not locate the file with any of these extensions:
.pdf,.png,.jpg,.mps,.jpeg,.jbig2,.jb2,.PDF,.PNG,.JPG,.JPEG,.JBIG2,.JB2,.eps
Try typing  <return>  to proceed.
If that doesn't work, type  X <return>  to quit.

/home/bibek/Academics/Computer_Vision/Project_2/stereo-imaging-harris/Report/Computer_Vision_Report.tex:133: Missing endcsname inserted.
<to be read again> 
                   AM@currentdocname 
l.133 \includepdf[pages=-]{./Source_code.pdf}
                                             
The control sequence marked <to be read again> should
not appear between \csname and \endcsname.

/home/bibek/Academics/Computer_Vision/Project_2/stereo-imaging-harris/Report/Computer_Vision_Report.tex:133: Use of ??? doesn't match its definition.
<argument> ???  
                ! LaTeX3 Error: AM@currentdocname invalid in file name. Lost: .
l.133 \includepdf[pages=-]{./Source_code.pdf}
                                             
If you say, e.g., `\def\a1{...}', then you must always
put `1' after `\a', since control sequence names are
made up of letters only. The macro here has not been
followed by the required stuff, so I'm ignoring it.

/home/bibek/Academics/Computer_Vision/Project_2/stereo-imaging-harris/Report/Computer_Vision_Report.tex:133: Missing endcsname inserted.
<to be read again> 
                   AM@currentdocname 
l.133 \includepdf[pages=-]{./Source_code.pdf}
                                             
The control sequence marked <to be read again> should
not appear between \csname and \endcsname.

/home/bibek/Academics/Computer_Vision/Project_2/stereo-imaging-harris/Report/Computer_Vision_Report.tex:133: Use of ??? doesn't match its definition.
<argument> ???  
                ! LaTeX3 Error: AM@currentdocname invalid in file name. Lost: .
l.133 \includepdf[pages=-]{./Source_code.pdf}
                                             
If you say, e.g., `\def\a1{...}', then you must always
put `1' after `\a', since control sequence names are
made up of letters only. The macro here has not been
followed by the required stuff, so I'm ignoring it.

/home/bibek/Academics/Computer_Vision/Project_2/stereo-imaging-harris/Report/Computer_Vision_Report.tex:133: Missing endcsname inserted.
<to be read again> 
                   AM@currentdocname 
l.133 \includepd